Log of automatic commit at Thu May 23 13:30:40 UTC 2024
Log of automatic commit at Thu May 23 14:16:23 UTC 2024
Log of automatic commit at Fri May 24 14:11:07 UTC 2024
Log of automatic commit at Sat May 25 14:09:40 UTC 2024
Log of automatic commit at Sun May 26 14:09:38 UTC 2024
Log of automatic commit at Mon May 27 14:10:45 UTC 2024
Log of automatic commit at Thu May 30 00:37:18 UTC 2024
Log of automatic commit at Thu May 30 01:51:27 UTC 2024
Log of automatic commit at Fri May 31 00:31:33 UTC 2024
Log of automatic commit at Fri May 31 01:50:58 UTC 2024
Log of automatic commit at Sat Jun  1 00:35:21 UTC 2024
Log of automatic commit at Sat Jun  1 01:54:58 UTC 2024
Log of automatic commit at Sun Jun  2 00:35:09 UTC 2024
Log of automatic commit at Sun Jun  2 01:55:13 UTC 2024
Log of automatic commit at Mon Jun  3 00:33:25 UTC 2024
Log of automatic commit at Mon Jun  3 01:53:36 UTC 2024
Log of automatic commit at Tue Jun  4 00:32:20 UTC 2024
Log of automatic commit at Tue Jun  4 01:52:10 UTC 2024
Log of automatic commit at Wed Jun  5 00:32:17 UTC 2024
Log of automatic commit at Wed Jun  5 01:51:34 UTC 2024
Log of automatic commit at Thu Jun  6 00:32:27 UTC 2024
Log of automatic commit at Thu Jun  6 01:50:47 UTC 2024
Log of automatic commit at Fri Jun  7 00:33:19 UTC 2024
Log of automatic commit at Fri Jun  7 01:54:11 UTC 2024
Log of automatic commit at Sat Jun  8 00:32:54 UTC 2024
Log of automatic commit at Sat Jun  8 01:50:32 UTC 2024
Log of automatic commit at Sun Jun  9 00:36:27 UTC 2024
Log of automatic commit at Sun Jun  9 01:58:54 UTC 2024
Log of automatic commit at Mon Jun 10 00:34:04 UTC 2024
Log of automatic commit at Mon Jun 10 01:55:44 UTC 2024
Log of automatic commit at Tue Jun 11 00:32:54 UTC 2024
Log of automatic commit at Tue Jun 11 01:54:12 UTC 2024
Log of automatic commit at Wed Jun 12 00:33:03 UTC 2024
Log of automatic commit at Wed Jun 12 01:54:07 UTC 2024
Log of automatic commit at Thu Jun 13 00:32:52 UTC 2024
Log of automatic commit at Thu Jun 13 01:52:58 UTC 2024
Log of automatic commit at Fri Jun 14 00:32:36 UTC 2024
Log of automatic commit at Fri Jun 14 01:53:26 UTC 2024
Log of automatic commit at Sat Jun 15 00:32:27 UTC 2024
Log of automatic commit at Sat Jun 15 01:52:37 UTC 2024
Log of automatic commit at Sun Jun 16 00:36:20 UTC 2024
Log of automatic commit at Sun Jun 16 01:59:12 UTC 2024
Log of automatic commit at Mon Jun 17 00:34:42 UTC 2024
Log of automatic commit at Mon Jun 17 01:57:00 UTC 2024
Log of automatic commit at Tue Jun 18 00:33:29 UTC 2024
Log of automatic commit at Tue Jun 18 01:54:23 UTC 2024
Log of automatic commit at Wed Jun 19 00:33:13 UTC 2024
Log of automatic commit at Wed Jun 19 01:54:29 UTC 2024
Log of automatic commit at Thu Jun 20 00:32:31 UTC 2024
Log of automatic commit at Thu Jun 20 01:50:58 UTC 2024
Log of automatic commit at Fri Jun 21 00:32:22 UTC 2024
Log of automatic commit at Fri Jun 21 01:52:38 UTC 2024
Log of automatic commit at Sat Jun 22 00:32:25 UTC 2024
Log of automatic commit at Sat Jun 22 01:48:29 UTC 2024
Log of automatic commit at Sun Jun 23 00:35:22 UTC 2024
Log of automatic commit at Sun Jun 23 01:57:35 UTC 2024
